=== Test Framework Report ===
Generated: Jun 30 2025 07:03:33

Summary:
Total tests: 6
Passed: 4
Failed: 2
Success rate: 66.7%
Total time: 6183 ms

Detailed Results:

Suite: Compiler Tests
  Basic Compilation: PASSED (185 ms)
  Runtime Execution: PASSED (327 ms)
  Malloc Functionality: FAILED (1476 ms)
  Self Compilation: PASSED (3237 ms)
  Arithmetic Operations: FAILED (525 ms)
  Independence Verification: PASSED (6164 ms)
